<?xml version="1.0" encoding="UTF-8"?>
<!-- Generated by org.testng.reporters.JUnitReportReporter -->
<testsuite skipped="0" hostname="DESKTOP-OSG43F4" name="testCases.LoginAndSignupTest" tests="1" failures="0" timestamp="2022-08-22T18:28:57 SGT" time="20.318" errors="0">
  <testcase name="EditProductTest" time="20.318" classname="testCases.LoginAndSignupTest"/>
  <system-out/>
</testsuite> <!-- testCases.LoginAndSignupTest -->
