<?xml version="1.0" encoding="UTF-8"?>
<!-- Generated by org.testng.reporters.JUnitReportReporter -->
<testsuite skipped="0" hostname="DESKTOP-OSG43F4" name="testCases.AllTestCases" tests="6" failures="0" timestamp="2022-08-24T12:14:32 SGT" time="103.099" errors="0">
  <testcase name="EditProductTest" time="20.991" classname="testCases.AllTestCases"/>
  <system-out/>
  <testcase name="AddNewProductTest" time="17.344" classname="testCases.AllTestCases"/>
  <system-out/>
  <testcase name="AdminLoginTest" time="12.220" classname="testCases.AllTestCases"/>
  <system-out/>
  <testcase name="SignUpUserTest" time="26.897" classname="testCases.AllTestCases"/>
  <system-out/>
  <testcase name="ExcelDataTest" time="13.004" classname="testCases.AllTestCases"/>
  <system-out/>
  <testcase name="UserLoginparameterizedTest" time="12.643" classname="testCases.AllTestCases"/>
  <system-out/>
</testsuite> <!-- testCases.AllTestCases -->
