<?xml version="1.0" encoding="UTF-8"?>
<!-- Generated by org.testng.reporters.JUnitReportReporter -->
<testsuite skipped="0" hostname="DESKTOP-OSG43F4" name="testCases.AllTestCases" tests="6" failures="0" timestamp="2022-09-03T17:32:00 SGT" time="60.617" errors="0">
  <testcase name="EditProductTest" time="14.563" classname="testCases.AllTestCases"/>
  <system-out/>
  <testcase name="AdminLoginTest" time="6.796" classname="testCases.AllTestCases"/>
  <system-out/>
  <testcase name="AddNewProductTest" time="9.801" classname="testCases.AllTestCases"/>
  <system-out/>
  <testcase name="UserLoginparameterizedTest" time="6.615" classname="testCases.AllTestCases"/>
  <system-out/>
  <testcase name="SignUpUserTest" time="15.650" classname="testCases.AllTestCases"/>
  <system-out/>
  <testcase name="ExcelDataTest" time="7.192" classname="testCases.AllTestCases"/>
  <system-out/>
</testsuite> <!-- testCases.AllTestCases -->
