<?xml version="1.0" encoding="UTF-8"?>
<!-- Generated by org.testng.reporters.JUnitReportReporter -->
<testsuite skipped="5" hostname="DESKTOP-OSG43F4" name="testCases.AllTestCases" tests="6" failures="0" timestamp="2022-08-24T19:29:07 SGT" time="16.133" errors="0">
  <testcase name="SignUpUserTest" time="16.133" classname="testCases.AllTestCases"/>
  <system-out/>
  <testcase name="AddNewProductTest" classname="testCases.AllTestCases">
    <skipped/>
  </testcase> <!-- AddNewProductTest -->
  <system-out/>
  <testcase name="AddToCartTest" classname="testCases.AllTestCases">
    <skipped/>
  </testcase> <!-- AddToCartTest -->
  <system-out/>
  <testcase name="AdminLoginTest" classname="testCases.AllTestCases">
    <skipped/>
  </testcase> <!-- AdminLoginTest -->
  <system-out/>
  <testcase name="EditProductTest" classname="testCases.AllTestCases">
    <skipped/>
  </testcase> <!-- EditProductTest -->
  <system-out/>
  <testcase name="ExcelDataTest" classname="testCases.AllTestCases">
    <skipped/>
  </testcase> <!-- ExcelDataTest -->
  <system-out/>
</testsuite> <!-- testCases.AllTestCases -->
