<?xml version="1.0" encoding="UTF-8"?>
<!-- Generated by org.testng.reporters.JUnitReportReporter -->
<testsuite skipped="0" hostname="DESKTOP-OSG43F4" name="testCases.LoginTest" tests="3" failures="0" timestamp="2022-08-19T09:23:24 SGT" time="17.627" errors="0">
  <testcase name="UserLoginTest" time="4.069" classname="testCases.LoginTest"/>
  <system-out/>
  <testcase name="ExcelDataTest" time="4.001" classname="testCases.LoginTest"/>
  <system-out/>
  <testcase name="parameterizedTest" time="9.557" classname="testCases.LoginTest"/>
  <system-out/>
</testsuite> <!-- testCases.LoginTest -->
